2019-08-06 10:30:30,521 {"1395380--down_total_time:": 0.1739978790283203, "down_time_list:": [0.03644895553588867, 0.03718447685241699, 0.038811445236206055, 0.03402113914489746, 0.027531862258911133]}
2019-08-06 10:30:30,523 {"1395380--cal_total_time:": 0.018628597259521484, "cal_time_list:": [0.0027942657470703125, 0.00612187385559082, 0.003133058547973633, 0.0029039382934570312, 0.0036754608154296875]}
2019-08-06 10:30:30,524 {"pid": 1395380, "similar_rate": "{\"490751\": 1}"}
2019-08-06 10:30:30,573 {"1395378--down_total_time:": 0.14739084243774414, "down_time_list:": [0.028842687606811523, 0.029045820236206055, 0.02976679801940918, 0.027079105377197266, 0.03265643119812012]}
2019-08-06 10:30:30,573 {"1395378--cal_total_time:": 0.015486478805541992, "cal_time_list:": [0.0029680728912353516, 0.002778768539428711, 0.0036444664001464844, 0.0030641555786132812, 0.003031015396118164]}
2019-08-06 10:30:30,574 {"pid": 1395378, "similar_rate": "{}"}
2019-08-06 10:30:30,580 {"1395376--invoke_total_time:": 0.0016503334045410156}
2019-08-06 10:30:30,851 {"1395376--down_total_time:": 0.22256040573120117, "down_time_list:": [0.04914689064025879, 0.03896045684814453, 0.05376863479614258, 0.03807187080383301, 0.042612552642822266]}
2019-08-06 10:30:30,851 {"1395376--cal_total_time:": 0.016143798828125, "cal_time_list:": [0.0041201114654541016, 0.002771615982055664, 0.0028629302978515625, 0.003626585006713867, 0.0027625560760498047]}
2019-08-06 10:30:30,852 {"pid": 1395376, "similar_rate": "{\"596208\": 1, \"542282\": 1, \"326483\": 1}"}
2019-08-06 10:30:33,609 {"1395381--invoke_total_time:": 0.0017228126525878906}
2019-08-06 10:30:33,873 {"1395381--down_total_time:": 0.21278762817382812, "down_time_list:": [0.04544997215270996, 0.046102046966552734, 0.0388340950012207, 0.041138410568237305, 0.04126310348510742]}
2019-08-06 10:30:33,873 {"1395381--cal_total_time:": 0.017835378646850586, "cal_time_list:": [0.005002498626708984, 0.004514455795288086, 0.0028142929077148438, 0.0027627944946289062, 0.0027413368225097656]}
2019-08-06 10:30:33,874 {"pid": 1395381, "similar_rate": "{\"437429\": 1}"}
2019-08-06 10:30:34,228 {"1395379--invoke_total_time:": 0.001766204833984375}
2019-08-06 10:30:34,595 {"1395379--down_total_time:": 0.28504204750061035, "down_time_list:": [0.04093647003173828, 0.04406261444091797, 0.044753074645996094, 0.041364192962646484, 0.11392569541931152]}
2019-08-06 10:30:34,595 {"1395379--cal_total_time:": 0.015433311462402344, "cal_time_list:": [0.0029773712158203125, 0.002870798110961914, 0.004074573516845703, 0.0027837753295898438, 0.0027267932891845703]}
2019-08-06 10:30:34,596 {"pid": 1395379, "similar_rate": "{}"}
2019-08-06 10:30:36,554 {"1395385--invoke_total_time:": 0.002656698226928711}
2019-08-06 10:30:36,726 {"1395385--down_total_time:": 0.1193544864654541, "down_time_list:": [0.0256803035736084, 0.02582716941833496, 0.022526025772094727, 0.02229595184326172, 0.023025035858154297]}
2019-08-06 10:30:36,726 {"1395385--cal_total_time:": 0.018746137619018555, "cal_time_list:": [0.006469249725341797, 0.0027000904083251953, 0.0026383399963378906, 0.004263877868652344, 0.002674579620361328]}
2019-08-06 10:30:36,727 {"pid": 1395385, "similar_rate": "{}"}
2019-08-06 10:30:37,174 {"1395382--invoke_total_time:": 0.0017511844635009766}
2019-08-06 10:30:37,438 {"1395382--down_total_time:": 0.2178177833557129, "down_time_list:": [0.044695138931274414, 0.04926586151123047, 0.04082512855529785, 0.04401564598083496, 0.039016008377075195]}
2019-08-06 10:30:37,439 {"1395382--cal_total_time:": 0.014129877090454102, "cal_time_list:": [0.002737760543823242, 0.002743244171142578, 0.0027337074279785156, 0.002739429473876953, 0.0031757354736328125]}
2019-08-06 10:30:37,440 {"pid": 1395382, "similar_rate": "{}"}
2019-08-06 10:30:39,722 {"1395384--invoke_total_time:": 0.0017347335815429688}
2019-08-06 10:30:39,969 {"1395384--down_total_time:": 0.19573712348937988, "down_time_list:": [0.038110971450805664, 0.03914904594421387, 0.0378265380859375, 0.037541866302490234, 0.04310870170593262]}
2019-08-06 10:30:39,969 {"1395384--cal_total_time:": 0.0190274715423584, "cal_time_list:": [0.0055234432220458984, 0.0036754608154296875, 0.0035583972930908203, 0.0035212039947509766, 0.0027489662170410156]}
2019-08-06 10:30:39,970 {"pid": 1395384, "similar_rate": "{\"887991\": 1}"}
2019-08-06 10:30:40,355 {"1395386--invoke_total_time:": 0.0019407272338867188}
2019-08-06 10:30:40,571 {"1395386--down_total_time:": 0.16731691360473633, "down_time_list:": [0.03417468070983887, 0.02923893928527832, 0.036124229431152344, 0.03218579292297363, 0.035593271255493164]}
2019-08-06 10:30:40,571 {"1395386--cal_total_time:": 0.01518702507019043, "cal_time_list:": [0.0027205944061279297, 0.002763032913208008, 0.0027666091918945312, 0.0041904449462890625, 0.0027463436126708984]}
2019-08-06 10:30:40,572 {"pid": 1395386, "similar_rate": "{}"}
2019-08-06 10:30:42,857 {"1395387--invoke_total_time:": 0.0017344951629638672}
2019-08-06 10:30:43,055 {"1395387--down_total_time:": 0.15087652206420898, "down_time_list:": [0.03296923637390137, 0.030565738677978516, 0.02997899055480957, 0.02887582778930664, 0.02848672866821289]}
2019-08-06 10:30:43,055 {"1395387--cal_total_time:": 0.01419830322265625, "cal_time_list:": [0.002691507339477539, 0.002713441848754883, 0.00274658203125, 0.003354787826538086, 0.002691984176635742]}
2019-08-06 10:30:43,056 {"pid": 1395387, "similar_rate": "{}"}
2019-08-06 10:30:43,604 {"1395383--invoke_total_time:": 0.002059459686279297}
2019-08-06 10:30:43,837 {"1395383--down_total_time:": 0.18549132347106934, "down_time_list:": [0.04087519645690918, 0.03592824935913086, 0.04671525955200195, 0.0399937629699707, 0.02197885513305664]}
2019-08-06 10:30:43,837 {"1395383--cal_total_time:": 0.015458822250366211, "cal_time_list:": [0.0041005611419677734, 0.003136157989501953, 0.0027375221252441406, 0.0027511119842529297, 0.002733469009399414]}
2019-08-06 10:30:43,838 {"pid": 1395383, "similar_rate": "{}"}
2019-08-06 10:30:45,859 {"1395388--invoke_total_time:": 0.0017714500427246094}
2019-08-06 10:30:45,915 {"1395390--invoke_total_time:": 0.0032181739807128906}
2019-08-06 10:30:46,100 {"1395388--down_total_time:": 0.19396710395812988, "down_time_list:": [0.04232335090637207, 0.041110992431640625, 0.03806924819946289, 0.03675365447998047, 0.03570985794067383]}
2019-08-06 10:30:46,101 {"1395388--cal_total_time:": 0.014188766479492188, "cal_time_list:": [0.0038557052612304688, 0.002584695816040039, 0.002587556838989258, 0.0025784969329833984, 0.0025823116302490234]}
2019-08-06 10:30:46,102 {"pid": 1395388, "similar_rate": "{}"}
2019-08-06 10:30:46,117 {"1395390--down_total_time:": 0.1497032642364502, "down_time_list:": [0.031461238861083984, 0.028211355209350586, 0.028687715530395508, 0.02884507179260254, 0.03249788284301758]}
2019-08-06 10:30:46,118 {"1395390--cal_total_time:": 0.01781630516052246, "cal_time_list:": [0.003236532211303711, 0.0025832653045654297, 0.002596616744995117, 0.0027849674224853516, 0.0066149234771728516]}
2019-08-06 10:30:46,119 {"pid": 1395390, "similar_rate": "{}"}
2019-08-06 10:30:46,390 {"1395389--invoke_total_time:": 0.0018353462219238281}
2019-08-06 10:30:46,584 {"1395389--down_total_time:": 0.14635515213012695, "down_time_list:": [0.03134036064147949, 0.028206348419189453, 0.029005050659179688, 0.026522397994995117, 0.0312809944152832]}
2019-08-06 10:30:46,584 {"1395389--cal_total_time:": 0.015592813491821289, "cal_time_list:": [0.005148887634277344, 0.002586841583251953, 0.0026094913482666016, 0.0026497840881347656, 0.002597808837890625]}
2019-08-06 10:30:46,585 {"pid": 1395389, "similar_rate": "{\"597442\": 1}"}
2019-08-06 10:30:47,170 {"1395391--invoke_total_time:": 0.001766204833984375}
2019-08-06 10:30:47,366 {"1395391--down_total_time:": 0.15035796165466309, "down_time_list:": [0.03638958930969238, 0.029933929443359375, 0.02775716781616211, 0.028745174407958984, 0.027532100677490234]}
2019-08-06 10:30:47,366 {"1395391--cal_total_time:": 0.01350092887878418, "cal_time_list:": [0.0027010440826416016, 0.0026335716247558594, 0.002588987350463867, 0.003000497817993164, 0.0025768280029296875]}
2019-08-06 10:30:47,367 {"pid": 1395391, "similar_rate": "{}"}
2019-08-06 10:30:49,681 {"1395392--invoke_total_time:": 0.0018324851989746094}
2019-08-06 10:30:49,869 {"1395392--down_total_time:": 0.14124011993408203, "down_time_list:": [0.027642488479614258, 0.027470827102661133, 0.030048608779907227, 0.026513338088989258, 0.029564857482910156]}
2019-08-06 10:30:49,869 {"1395392--cal_total_time:": 0.014838933944702148, "cal_time_list:": [0.00267791748046875, 0.004446268081665039, 0.002569913864135742, 0.002571582794189453, 0.002573251724243164]}
2019-08-06 10:30:49,870 {"pid": 1395392, "similar_rate": "{}"}
2019-08-06 10:31:04,223 {"1395393--invoke_total_time:": 0.0017132759094238281}
2019-08-06 10:31:04,558 {"1395393--down_total_time:": 0.25310444831848145, "down_time_list:": [0.0517275333404541, 0.05476856231689453, 0.052544355392456055, 0.051406145095825195, 0.04265785217285156]}
2019-08-06 10:31:04,558 {"1395393--cal_total_time:": 0.015104532241821289, "cal_time_list:": [0.0026557445526123047, 0.0027616024017333984, 0.0026445388793945312, 0.0031006336212158203, 0.003942012786865234]}
2019-08-06 10:31:04,559 {"pid": 1395393, "similar_rate": "{}"}
2019-08-06 10:33:20,174 {"1395394--invoke_total_time:": 0.0016789436340332031}
2019-08-06 10:33:20,644 {"1395394--down_total_time:": 0.3466758728027344, "down_time_list:": [0.06962323188781738, 0.06255578994750977, 0.05035829544067383, 0.06183648109436035, 0.10230207443237305]}
2019-08-06 10:33:20,644 {"1395394--cal_total_time:": 0.048491716384887695, "cal_time_list:": [0.012291669845581055, 0.00821995735168457, 0.005398750305175781, 0.011465072631835938, 0.011116266250610352]}
2019-08-06 10:33:20,652 {"pid": 1395394, "similar_rate": "{\"841996\": 1}"}
2019-08-06 10:33:41,857 {"1395395--invoke_total_time:": 0.0017242431640625}
2019-08-06 10:33:42,337 {"1395395--down_total_time:": 0.34871697425842285, "down_time_list:": [0.07004594802856445, 0.06413102149963379, 0.05241727828979492, 0.06279778480529785, 0.09932494163513184]}
2019-08-06 10:33:42,338 {"1395395--cal_total_time:": 0.048819780349731445, "cal_time_list:": [0.007575511932373047, 0.008966684341430664, 0.012214422225952148, 0.00797128677368164, 0.012091875076293945]}
2019-08-06 10:33:42,342 {"pid": 1395395, "similar_rate": "{\"922406\": 1}"}
2019-08-06 10:36:35,495 {"1395412--invoke_total_time:": 0.007787942886352539}
2019-08-06 10:36:35,702 {"1395412--down_total_time:": 0.1558363437652588, "down_time_list:": [0.03287672996520996, 0.03235936164855957, 0.03578376770019531, 0.03025674819946289, 0.024559736251831055]}
2019-08-06 10:36:35,702 {"1395412--cal_total_time:": 0.017334938049316406, "cal_time_list:": [0.0046100616455078125, 0.0039014816284179688, 0.0029468536376953125, 0.0033464431762695312, 0.0025300979614257812]}
2019-08-06 10:36:35,704 {"pid": 1395412, "similar_rate": "{\"49739\": 1, \"836227\": 1, \"93497\": 1, \"940273\": 1, \"1019765\": 1, \"1283579\": 1, \"661662\": 1}"}
2019-08-06 10:36:36,691 {"1395413--invoke_total_time:": 0.0018451213836669922}
2019-08-06 10:36:36,979 {"1395413--down_total_time:": 0.2296743392944336, "down_time_list:": [0.04817986488342285, 0.04770040512084961, 0.049427032470703125, 0.053321123123168945, 0.031045913696289062]}
2019-08-06 10:36:36,979 {"1395413--cal_total_time:": 0.017027854919433594, "cal_time_list:": [0.0033757686614990234, 0.0035517215728759766, 0.0034236907958984375, 0.0033795833587646484, 0.003297090530395508]}
2019-08-06 10:36:36,980 {"pid": 1395413, "similar_rate": "{\"957786\": 1}"}
2019-08-06 10:36:42,248 {"1395414--invoke_total_time:": 0.001680612564086914}
2019-08-06 10:36:42,463 {"1395414--down_total_time:": 0.1630418300628662, "down_time_list:": [0.03543496131896973, 0.0374295711517334, 0.03255057334899902, 0.028482913970947266, 0.029143810272216797]}
2019-08-06 10:36:42,464 {"1395414--cal_total_time:": 0.018164873123168945, "cal_time_list:": [0.0025255680084228516, 0.0025589466094970703, 0.005705595016479492, 0.004789113998413086, 0.0025856494903564453]}
2019-08-06 10:36:42,465 {"pid": 1395414, "similar_rate": "{\"812641\": 1, \"521414\": 1, \"767623\": 1, \"473613\": 1, \"574830\": 1, \"589007\": 1, \"300148\": 1, \"809752\": 1, \"771419\": 1, \"514845\": 1, \"1087934\": 1, \"886026\": 1, \"489975\": 1}"}
2019-08-06 10:36:48,998 {"1395416--invoke_total_time:": 0.0018086433410644531}
2019-08-06 10:36:49,145 {"1395415--invoke_total_time:": 0.0015761852264404297}
2019-08-06 10:36:49,215 {"1395416--down_total_time:": 0.16643095016479492, "down_time_list:": [0.03717541694641113, 0.03115534782409668, 0.03778815269470215, 0.034104108810424805, 0.026207923889160156]}
2019-08-06 10:36:49,215 {"1395416--cal_total_time:": 0.017154693603515625, "cal_time_list:": [0.003360271453857422, 0.0037109851837158203, 0.0034198760986328125, 0.003276348114013672, 0.0033872127532958984]}
2019-08-06 10:36:49,216 {"pid": 1395416, "similar_rate": "{\"54228\": 1, \"778294\": 1, \"124447\": 1}"}
2019-08-06 10:36:49,363 {"1395415--down_total_time:": 0.17021441459655762, "down_time_list:": [0.04104351997375488, 0.03559064865112305, 0.032515525817871094, 0.0300750732421875, 0.030989646911621094]}
2019-08-06 10:36:49,363 {"1395415--cal_total_time:": 0.01451730728149414, "cal_time_list:": [0.0044405460357666016, 0.002492666244506836, 0.0025174617767333984, 0.0025038719177246094, 0.0025627613067626953]}
2019-08-06 10:36:49,364 {"pid": 1395415, "similar_rate": "{}"}
2019-08-06 10:36:53,466 {"1395417--invoke_total_time:": 0.0016727447509765625}
2019-08-06 10:36:53,846 {"1395417--down_total_time:": 0.29696226119995117, "down_time_list:": [0.03281116485595703, 0.04121875762939453, 0.02943277359008789, 0.15819144248962402, 0.035308122634887695]}
2019-08-06 10:36:53,846 {"1395417--cal_total_time:": 0.017867088317871094, "cal_time_list:": [0.0034003257751464844, 0.002663850784301758, 0.003385305404663086, 0.004827737808227539, 0.0035898685455322266]}
2019-08-06 10:36:53,847 {"pid": 1395417, "similar_rate": "{\"1069158\": 1, \"741964\": 1}"}
2019-08-06 10:36:58,249 {"1395418--invoke_total_time:": 0.0016598701477050781}
2019-08-06 10:36:58,453 {"1395418--down_total_time:": 0.16350698471069336, "down_time_list:": [0.04393482208251953, 0.03653407096862793, 0.04042196273803711, 0.04261612892150879]}
2019-08-06 10:36:58,453 {"1395418--cal_total_time:": 0.013349294662475586, "cal_time_list:": [0.003275156021118164, 0.003298521041870117, 0.003298521041870117, 0.0034770965576171875]}
2019-08-06 10:36:58,454 {"pid": 1395418, "similar_rate": "{\"745351\": 1}"}
2019-08-06 10:37:07,549 {"1395419--invoke_total_time:": 0.0024237632751464844}
2019-08-06 10:37:07,741 {"1395419--down_total_time:": 0.14371037483215332, "down_time_list:": [0.02832174301147461, 0.027462005615234375, 0.029110193252563477, 0.026354551315307617, 0.03246188163757324]}
2019-08-06 10:37:07,742 {"1395419--cal_total_time:": 0.017384052276611328, "cal_time_list:": [0.003325939178466797, 0.003914833068847656, 0.0034017562866210938, 0.003450155258178711, 0.0032913684844970703]}
2019-08-06 10:37:07,743 {"pid": 1395419, "similar_rate": "{\"141033\": 1, \"1112181\": 1, \"43416\": 1}"}
2019-08-06 10:37:08,692 {"1395420--invoke_total_time:": 0.0016880035400390625}
2019-08-06 10:37:08,889 {"1395420--down_total_time:": 0.15018224716186523, "down_time_list:": [0.030689477920532227, 0.030541181564331055, 0.03057265281677246, 0.02814030647277832, 0.030238628387451172]}
2019-08-06 10:37:08,889 {"1395420--cal_total_time:": 0.014464139938354492, "cal_time_list:": [0.002513408660888672, 0.0026628971099853516, 0.0025255680084228516, 0.0024518966674804688, 0.0043103694915771484]}
2019-08-06 10:37:08,890 {"pid": 1395420, "similar_rate": "{}"}
2019-08-06 10:37:17,665 {"1395421--invoke_total_time:": 0.0016739368438720703}
2019-08-06 10:37:17,896 {"1395421--down_total_time:": 0.18816280364990234, "down_time_list:": [0.03719162940979004, 0.033281564712524414, 0.04024791717529297, 0.03887128829956055, 0.038570404052734375]}
2019-08-06 10:37:17,896 {"1395421--cal_total_time:": 0.012531042098999023, "cal_time_list:": [0.002580404281616211, 0.002462148666381836, 0.0024988651275634766, 0.002495288848876953, 0.002494335174560547]}
2019-08-06 10:37:17,897 {"pid": 1395421, "similar_rate": "{}"}
2019-08-06 10:37:30,764 {"1395423--invoke_total_time:": 0.0017116069793701172}
2019-08-06 10:37:31,080 {"1395423--down_total_time:": 0.25769901275634766, "down_time_list:": [0.054090023040771484, 0.05657076835632324, 0.05452775955200195, 0.05736351013183594, 0.03514695167541504]}
2019-08-06 10:37:31,081 {"1395423--cal_total_time:": 0.019111156463623047, "cal_time_list:": [0.0033800601959228516, 0.0034923553466796875, 0.005532503128051758, 0.0033702850341796875, 0.0033359527587890625]}
2019-08-06 10:37:31,082 {"pid": 1395423, "similar_rate": "{\"1353331\": 1, \"1394847\": 1}"}
2019-08-06 10:37:35,193 {"1395422--invoke_total_time:": 0.0017580986022949219}
2019-08-06 10:37:35,912 {"1395422--down_total_time:": 0.49129676818847656, "down_time_list:": [0.10367774963378906, 0.1215674877166748, 0.047118425369262695, 0.1761314868927002, 0.042801618576049805]}
2019-08-06 10:37:35,912 {"1395422--cal_total_time:": 0.013100385665893555, "cal_time_list:": [0.0025637149810791016, 0.0025300979614257812, 0.002536773681640625, 0.0025327205657958984, 0.0029370784759521484]}
2019-08-06 10:37:35,913 {"pid": 1395422, "similar_rate": "{}"}
2019-08-06 10:37:45,060 {"1395424--invoke_total_time:": 0.001781463623046875}
2019-08-06 10:37:45,225 {"1395424--down_total_time:": 0.1340935230255127, "down_time_list:": [0.048378705978393555, 0.04754018783569336, 0.03817462921142578]}
2019-08-06 10:37:45,225 {"1395424--cal_total_time:": 0.010372161865234375, "cal_time_list:": [0.003438234329223633, 0.0035653114318847656, 0.0033686161041259766]}
2019-08-06 10:37:45,226 {"pid": 1395424, "similar_rate": "{\"1087764\": 1}"}
2019-08-06 10:37:46,365 {"1395425--invoke_total_time:": 0.0016787052154541016}
2019-08-06 10:37:46,606 {"1395425--down_total_time:": 0.1943817138671875, "down_time_list:": [0.04437398910522461, 0.028765439987182617, 0.04208731651306152, 0.037858009338378906, 0.041296958923339844]}
2019-08-06 10:37:46,606 {"1395425--cal_total_time:": 0.015985965728759766, "cal_time_list:": [0.0034737586975097656, 0.002519369125366211, 0.003360748291015625, 0.003292083740234375, 0.003340005874633789]}
2019-08-06 10:37:46,607 {"pid": 1395425, "similar_rate": "{\"1087748\": 1}"}
